<?xml version="1.0" encoding="utf-8"?><testsuites><testsuite name="pytest" errors="0" failures="0" skipped="0" tests="3" time="1.347" timestamp="2024-09-12T17:17:27.315763" hostname="robo-P65-67HSHP"><testcase classname="examples_rclpy_executors.executors.test.test_copyright" name="test_copyright" time="0.764" /><testcase classname="examples_rclpy_executors.executors.test.test_flake8" name="test_flake8" time="0.258" /><testcase classname="examples_rclpy_executors.executors.test.test_pep257" name="test_pep257" time="0.081" /></testsuite></testsuites>